2020-10-14 15:55:11.034 [restartedMain] INFO  aircrew.version1.Version1Application - Starting Version1Application on DESKTOP-PVFD5U9 with PID 12584 (G:\aircrew\version1\target\classes started by jzd in G:\aircrew\version1)
2020-10-14 15:55:11.036 [restartedMain] INFO  aircrew.version1.Version1Application - The following profiles are active: dev
2020-10-14 15:55:11.072 [restartedMain] INFO  o.s.boot.devtools.restart.ChangeableUrls - The Class-Path manifest attribute in C:\Users\jzd\.m2\repository\org\glassfish\jaxb\jaxb-runtime\2.3.2\jaxb-runtime-2.3.2.jar referenced one or more files that do not exist: file:/C:/Users/jzd/.m2/repository/org/glassfish/jaxb/jaxb-runtime/2.3.2/jakarta.xml.bind-api-2.3.2.jar,file:/C:/Users/jzd/.m2/repository/org/glassfish/jaxb/jaxb-runtime/2.3.2/txw2-2.3.2.jar,file:/C:/Users/jzd/.m2/repository/org/glassfish/jaxb/jaxb-runtime/2.3.2/istack-commons-runtime-3.0.8.jar,file:/C:/Users/jzd/.m2/repository/org/glassfish/jaxb/jaxb-runtime/2.3.2/stax-ex-1.8.1.jar,file:/C:/Users/jzd/.m2/repository/org/glassfish/jaxb/jaxb-runtime/2.3.2/FastInfoset-1.2.16.jar,file:/C:/Users/jzd/.m2/repository/org/glassfish/jaxb/jaxb-runtime/2.3.2/jakarta.activation-api-1.2.1.jar
2020-10-14 15:55:11.072 [restartedMain] INFO  o.s.b.d.env.DevToolsPropertyDefaultsPostProcessor - Devtools property defaults active! Set 'spring.devtools.add-properties' to 'false' to disable
2020-10-14 15:55:11.073 [restartedMain] INFO  o.s.b.d.env.DevToolsPropertyDefaultsPostProcessor - For additional web related logging consider setting the 'logging.level.web' property to 'DEBUG'
2020-10-14 15:55:11.657 [restartedMain] INFO  o.s.d.r.config.RepositoryConfigurationDelegate - Bootstrapping Spring Data JPA repositories in DEFAULT mode.
2020-10-14 15:55:11.738 [restartedMain] INFO  o.s.d.r.config.RepositoryConfigurationDelegate - Finished Spring Data repository scanning in 75ms. Found 13 JPA repository interfaces.
2020-10-14 15:55:11.961 [restartedMain] INFO  o.s.c.s.PostProcessorRegistrationDelegate$BeanPostProcessorChecker - Bean 'org.springframework.transaction.annotation.ProxyTransactionManagementConfiguration' of type [org.springframework.transaction.annotation.ProxyTransactionManagementConfiguration] is not eligible for getting processed by all BeanPostProcessors (for example: not eligible for auto-proxying)
2020-10-14 15:55:12.046 [restartedMain] INFO  o.s.c.s.PostProcessorRegistrationDelegate$BeanPostProcessorChecker - Bean 'shiroConfig' of type [aircrew.version1.shiro.ShiroConfig$$EnhancerBySpringCGLIB$$884ea67] is not eligible for getting processed by all BeanPostProcessors (for example: not eligible for auto-proxying)
2020-10-14 15:55:12.081 [restartedMain] INFO  o.s.c.s.PostProcessorRegistrationDelegate$BeanPostProcessorChecker - Bean '(inner bean)#5abd1a8a' of type [org.springframework.beans.factory.config.PropertiesFactoryBean] is not eligible for getting processed by all BeanPostProcessors (for example: not eligible for auto-proxying)
2020-10-14 15:55:12.087 [restartedMain] INFO  o.s.c.s.PostProcessorRegistrationDelegate$BeanPostProcessorChecker - Bean '(inner bean)#5abd1a8a' of type [java.util.Properties] is not eligible for getting processed by all BeanPostProcessors (for example: not eligible for auto-proxying)
2020-10-14 15:55:12.121 [restartedMain] INFO  o.s.c.s.PostProcessorRegistrationDelegate$BeanPostProcessorChecker - Bean '(inner bean)#4ead970e' of type [org.springframework.data.repository.core.support.PropertiesBasedNamedQueries] is not eligible for getting processed by all BeanPostProcessors (for example: not eligible for auto-proxying)
2020-10-14 15:55:12.125 [restartedMain] INFO  o.s.c.s.PostProcessorRegistrationDelegate$BeanPostProcessorChecker - Bean '(inner bean)#35e6a0c' of type [org.springframework.data.repository.core.support.RepositoryFragmentsFactoryBean] is not eligible for getting processed by all BeanPostProcessors (for example: not eligible for auto-proxying)
2020-10-14 15:55:12.134 [restartedMain] INFO  o.s.c.s.PostProcessorRegistrationDelegate$BeanPostProcessorChecker - Bean '(inner bean)#35e6a0c' of type [org.springframework.data.repository.core.support.RepositoryComposition$RepositoryFragments] is not eligible for getting processed by all BeanPostProcessors (for example: not eligible for auto-proxying)
2020-10-14 15:55:12.146 [restartedMain] INFO  o.s.c.s.PostProcessorRegistrationDelegate$BeanPostProcessorChecker - Bean 'com.alibaba.druid.spring.boot.autoconfigure.DruidDataSourceAutoConfigure' of type [com.alibaba.druid.spring.boot.autoconfigure.DruidDataSourceAutoConfigure$$EnhancerBySpringCGLIB$$c4030e30] is not eligible for getting processed by all BeanPostProcessors (for example: not eligible for auto-proxying)
2020-10-14 15:55:12.149 [restartedMain] INFO  c.a.d.s.b.a.DruidDataSourceAutoConfigure - Init DruidDataSource
2020-10-14 15:55:12.202 [restartedMain] INFO  o.s.c.s.PostProcessorRegistrationDelegate$BeanPostProcessorChecker - Bean 'spring.datasource-org.springframework.boot.autoconfigure.jdbc.DataSourceProperties' of type [org.springframework.boot.autoconfigure.jdbc.DataSourceProperties] is not eligible for getting processed by all BeanPostProcessors (for example: not eligible for auto-proxying)
2020-10-14 15:55:12.241 [restartedMain] INFO  com.alibaba.druid.pool.DruidDataSource - {dataSource-1} inited
2020-10-14 15:55:12.241 [restartedMain] INFO  o.s.c.s.PostProcessorRegistrationDelegate$BeanPostProcessorChecker - Bean 'dataSource' of type [com.alibaba.druid.spring.boot.autoconfigure.DruidDataSourceWrapper] is not eligible for getting processed by all BeanPostProcessors (for example: not eligible for auto-proxying)
2020-10-14 15:55:12.294 [restartedMain] INFO  o.s.c.s.PostProcessorRegistrationDelegate$BeanPostProcessorChecker - Bean 'org.springframework.boot.autoconfigure.jdbc.DataSourceInitializerInvoker' of type [org.springframework.boot.autoconfigure.jdbc.DataSourceInitializerInvoker] is not eligible for getting processed by all BeanPostProcessors (for example: not eligible for auto-proxying)
2020-10-14 15:55:12.296 [restartedMain] INFO  o.s.c.s.PostProcessorRegistrationDelegate$BeanPostProcessorChecker - Bean 'spring.jpa-org.springframework.boot.autoconfigure.orm.jpa.JpaProperties' of type [org.springframework.boot.autoconfigure.orm.jpa.JpaProperties] is not eligible for getting processed by all BeanPostProcessors (for example: not eligible for auto-proxying)
2020-10-14 15:55:12.301 [restartedMain] INFO  o.s.c.s.PostProcessorRegistrationDelegate$BeanPostProcessorChecker - Bean 'spring.jpa.hibernate-org.springframework.boot.autoconfigure.orm.jpa.HibernateProperties' of type [org.springframework.boot.autoconfigure.orm.jpa.HibernateProperties] is not eligible for getting processed by all BeanPostProcessors (for example: not eligible for auto-proxying)
2020-10-14 15:55:12.304 [restartedMain] INFO  o.s.c.s.PostProcessorRegistrationDelegate$BeanPostProcessorChecker - Bean 'org.springframework.boot.autoconfigure.jdbc.metadata.DataSourcePoolMetadataProvidersConfiguration$HikariPoolDataSourceMetadataProviderConfiguration' of type [org.springframework.boot.autoconfigure.jdbc.metadata.DataSourcePoolMetadataProvidersConfiguration$HikariPoolDataSourceMetadataProviderConfiguration] is not eligible for getting processed by all BeanPostProcessors (for example: not eligible for auto-proxying)
2020-10-14 15:55:12.305 [restartedMain] INFO  o.s.c.s.PostProcessorRegistrationDelegate$BeanPostProcessorChecker - Bean 'hikariPoolDataSourceMetadataProvider' of type [org.springframework.boot.autoconfigure.jdbc.metadata.DataSourcePoolMetadataProvidersConfiguration$HikariPoolDataSourceMetadataProviderConfiguration$$Lambda$506/0x0000000800f27c10] is not eligible for getting processed by all BeanPostProcessors (for example: not eligible for auto-proxying)
2020-10-14 15:55:12.311 [restartedMain] INFO  o.s.c.s.PostProcessorRegistrationDelegate$BeanPostProcessorChecker - Bean 'org.springframework.boot.autoconfigure.orm.jpa.HibernateJpaConfiguration' of type [org.springframework.boot.autoconfigure.orm.jpa.HibernateJpaConfiguration] is not eligible for getting processed by all BeanPostProcessors (for example: not eligible for auto-proxying)
2020-10-14 15:55:12.331 [restartedMain] INFO  o.s.c.s.PostProcessorRegistrationDelegate$BeanPostProcessorChecker - Bean 'jpaVendorAdapter' of type [org.springframework.orm.jpa.vendor.HibernateJpaVendorAdapter] is not eligible for getting processed by all BeanPostProcessors (for example: not eligible for auto-proxying)
2020-10-14 15:55:12.335 [restartedMain] INFO  o.s.c.s.PostProcessorRegistrationDelegate$BeanPostProcessorChecker - Bean 'entityManagerFactoryBuilder' of type [org.springframework.boot.orm.jpa.EntityManagerFactoryBuilder] is not eligible for getting processed by all BeanPostProcessors (for example: not eligible for auto-proxying)
2020-10-14 15:55:12.365 [restartedMain] INFO  org.hibernate.jpa.internal.util.LogHelper - HHH000204: Processing PersistenceUnitInfo [name: default]
2020-10-14 15:55:12.438 [restartedMain] INFO  org.hibernate.Version - HHH000412: Hibernate Core {5.4.9.Final}
2020-10-14 15:55:12.563 [restartedMain] INFO  org.hibernate.annotations.common.Version - HCANN000001: Hibernate Commons Annotations {5.1.0.Final}
2020-10-14 15:55:13.107 [restartedMain] INFO  org.hibernate.dialect.Dialect - HHH000400: Using dialect: org.hibernate.dialect.MySQL57Dialect
2020-10-14 15:55:13.816 [restartedMain] INFO  o.h.e.t.jta.platform.internal.JtaPlatformInitiator - HHH000490: Using JtaPlatform implementation: [org.hibernate.engine.transaction.jta.platform.internal.NoJtaPlatform]
2020-10-14 15:55:13.822 [restartedMain] INFO  o.s.orm.jpa.LocalContainerEntityManagerFactoryBean - Initialized JPA EntityManagerFactory for persistence unit 'default'
2020-10-14 15:55:13.824 [restartedMain] INFO  o.s.c.s.PostProcessorRegistrationDelegate$BeanPostProcessorChecker - Bean 'entityManagerFactory' of type [org.springframework.orm.jpa.LocalContainerEntityManagerFactoryBean] is not eligible for getting processed by all BeanPostProcessors (for example: not eligible for auto-proxying)
2020-10-14 15:55:13.829 [restartedMain] INFO  o.s.c.s.PostProcessorRegistrationDelegate$BeanPostProcessorChecker - Bean 'entityManagerFactory' of type [com.sun.proxy.$Proxy90] is not eligible for getting processed by all BeanPostProcessors (for example: not eligible for auto-proxying)
2020-10-14 15:55:13.839 [restartedMain] INFO  o.s.c.s.PostProcessorRegistrationDelegate$BeanPostProcessorChecker - Bean '(inner bean)#196c2b3f' of type [com.sun.proxy.$Proxy91] is not eligible for getting processed by all BeanPostProcessors (for example: not eligible for auto-proxying)
2020-10-14 15:55:13.861 [restartedMain] INFO  o.s.c.s.PostProcessorRegistrationDelegate$BeanPostProcessorChecker - Bean 'jpaMappingContext' of type [org.springframework.data.jpa.repository.config.JpaMetamodelMappingContextFactoryBean] is not eligible for getting processed by all BeanPostProcessors (for example: not eligible for auto-proxying)
2020-10-14 15:55:13.864 [restartedMain] INFO  o.s.c.s.PostProcessorRegistrationDelegate$BeanPostProcessorChecker - Bean 'jpaMappingContext' of type [org.springframework.data.jpa.mapping.JpaMetamodelMappingContext] is not eligible for getting processed by all BeanPostProcessors (for example: not eligible for auto-proxying)
2020-10-14 15:55:14.021 [restartedMain] INFO  o.s.c.s.PostProcessorRegistrationDelegate$BeanPostProcessorChecker - Bean 'userRepository' of type [org.springframework.data.jpa.repository.support.JpaRepositoryFactoryBean] is not eligible for getting processed by all BeanPostProcessors (for example: not eligible for auto-proxying)
2020-10-14 15:55:14.028 [restartedMain] INFO  o.s.c.s.PostProcessorRegistrationDelegate$BeanPostProcessorChecker - Bean 'userRepository' of type [com.sun.proxy.$Proxy103] is not eligible for getting processed by all BeanPostProcessors (for example: not eligible for auto-proxying)
2020-10-14 15:55:14.046 [restartedMain] INFO  o.s.c.s.PostProcessorRegistrationDelegate$BeanPostProcessorChecker - Bean 'userRealm' of type [aircrew.version1.shiro.UserRealm] is not eligible for getting processed by all BeanPostProcessors (for example: not eligible for auto-proxying)
2020-10-14 15:55:14.067 [restartedMain] INFO  o.s.c.s.PostProcessorRegistrationDelegate$BeanPostProcessorChecker - Bean 'securityManager' of type [org.apache.shiro.web.mgt.DefaultWebSecurityManager] is not eligible for getting processed by all BeanPostProcessors (for example: not eligible for auto-proxying)
2020-10-14 15:55:14.299 [restartedMain] INFO  o.s.boot.web.embedded.tomcat.TomcatWebServer - Tomcat initialized with port(s): 8088 (http)
2020-10-14 15:55:14.307 [restartedMain] INFO  org.apache.coyote.http11.Http11NioProtocol - Initializing ProtocolHandler ["http-nio-8088"]
2020-10-14 15:55:14.307 [restartedMain] INFO  org.apache.catalina.core.StandardService - Starting service [Tomcat]
2020-10-14 15:55:14.307 [restartedMain] INFO  org.apache.catalina.core.StandardEngine - Starting Servlet engine: [Apache Tomcat/9.0.29]
2020-10-14 15:55:14.394 [restartedMain] INFO  o.a.c.c.C.[Tomcat].[localhost].[/aircrew] - Initializing Spring embedded WebApplicationContext
2020-10-14 15:55:14.394 [restartedMain] INFO  org.springframework.web.context.ContextLoader - Root WebApplicationContext: initialization completed in 3321 ms
2020-10-14 15:55:15.178 [restartedMain] WARN  o.s.b.a.o.j.JpaBaseConfiguration$JpaWebConfiguration - spring.jpa.open-in-view is enabled by default. Therefore, database queries may be performed during view rendering. Explicitly configure spring.jpa.open-in-view to disable this warning
2020-10-14 15:55:15.755 [restartedMain] WARN  o.s.b.d.autoconfigure.OptionalLiveReloadServer - Unable to start LiveReload server
2020-10-14 15:55:15.787 [restartedMain] INFO  org.apache.coyote.http11.Http11NioProtocol - Starting ProtocolHandler ["http-nio-8088"]
2020-10-14 15:55:15.810 [restartedMain] INFO  o.s.boot.web.embedded.tomcat.TomcatWebServer - Tomcat started on port(s): 8088 (http) with context path '/aircrew'
2020-10-14 15:55:15.812 [restartedMain] INFO  aircrew.version1.Version1Application - Started Version1Application in 5.081 seconds (JVM running for 5.912)
2020-10-14 15:55:33.214 [http-nio-8088-exec-3] INFO  o.a.c.c.C.[Tomcat].[localhost].[/aircrew] - Initializing Spring DispatcherServlet 'dispatcherServlet'
2020-10-14 15:55:33.214 [http-nio-8088-exec-3] INFO  org.springframework.web.servlet.DispatcherServlet - Initializing Servlet 'dispatcherServlet'
2020-10-14 15:55:33.222 [http-nio-8088-exec-3] INFO  org.springframework.web.servlet.DispatcherServlet - Completed initialization in 8 ms
2020-10-14 15:55:34.782 [http-nio-8088-exec-6] INFO  aircrew.version1.controller.WebLogAspect - WebLogAspect.doBefore()
2020-10-14 15:55:34.783 [http-nio-8088-exec-6] INFO  aircrew.version1.controller.WebLogAspect - URL : http://localhost:8088/aircrew/userLogin
2020-10-14 15:55:34.783 [http-nio-8088-exec-6] INFO  aircrew.version1.controller.WebLogAspect - HTTP_METHOD : POST
2020-10-14 15:55:34.783 [http-nio-8088-exec-6] INFO  aircrew.version1.controller.WebLogAspect - IP : 0:0:0:0:0:0:0:1
2020-10-14 15:55:34.784 [http-nio-8088-exec-6] INFO  aircrew.version1.controller.WebLogAspect - CLASS_METHOD : aircrew.version1.controller.LoginController.userLogin
2020-10-14 15:55:34.784 [http-nio-8088-exec-6] INFO  aircrew.version1.controller.WebLogAspect - ARGS : [fl, 123456, {}, {}, org.apache.catalina.session.StandardSessionFacade@47b0afce]
2020-10-14 15:55:34.784 [http-nio-8088-exec-6] INFO  aircrew.version1.controller.WebLogAspect - 操作信息loginName: fl
2020-10-14 15:55:34.784 [http-nio-8088-exec-6] INFO  aircrew.version1.controller.WebLogAspect - 操作信息loginPwd: 123456
2020-10-14 15:55:37.111 [http-nio-8088-exec-6] INFO  aircrew.version1.controller.WebLogAspect - WebLogAspect.doAfterReturning()
2020-10-14 15:55:38.611 [http-nio-8088-exec-5] INFO  aircrew.version1.controller.WebLogAspect - WebLogAspect.doBefore()
2020-10-14 15:55:38.611 [http-nio-8088-exec-5] INFO  aircrew.version1.controller.WebLogAspect - URL : http://localhost:8088/aircrew/doubleFlight/flight.html
2020-10-14 15:55:38.611 [http-nio-8088-exec-5] INFO  aircrew.version1.controller.WebLogAspect - HTTP_METHOD : GET
2020-10-14 15:55:38.611 [http-nio-8088-exec-5] INFO  aircrew.version1.controller.WebLogAspect - IP : 0:0:0:0:0:0:0:1
2020-10-14 15:55:38.611 [http-nio-8088-exec-5] INFO  aircrew.version1.controller.WebLogAspect - CLASS_METHOD : aircrew.version1.controller.DoubleFlightController.flight
2020-10-14 15:55:38.611 [http-nio-8088-exec-5] INFO  aircrew.version1.controller.WebLogAspect - ARGS : [{}, org.apache.shiro.web.servlet.ShiroHttpServletRequest@2f734beb, org.apache.catalina.session.StandardSessionFacade@47b0afce]
2020-10-14 15:55:38.718 [http-nio-8088-exec-5] INFO  aircrew.version1.controller.WebLogAspect - WebLogAspect.doAfterReturning()
2020-10-14 15:55:40.319 [http-nio-8088-exec-7] INFO  aircrew.version1.controller.WebLogAspect - WebLogAspect.doBefore()
2020-10-14 15:55:40.319 [http-nio-8088-exec-7] INFO  aircrew.version1.controller.WebLogAspect - URL : http://localhost:8088/aircrew/check/check.html
2020-10-14 15:55:40.319 [http-nio-8088-exec-7] INFO  aircrew.version1.controller.WebLogAspect - HTTP_METHOD : GET
2020-10-14 15:55:40.319 [http-nio-8088-exec-7] INFO  aircrew.version1.controller.WebLogAspect - IP : 0:0:0:0:0:0:0:1
2020-10-14 15:55:40.319 [http-nio-8088-exec-7] INFO  aircrew.version1.controller.WebLogAspect - CLASS_METHOD : aircrew.version1.controller.CheckController.check
2020-10-14 15:55:40.319 [http-nio-8088-exec-7] INFO  aircrew.version1.controller.WebLogAspect - ARGS : [{}]
2020-10-14 15:55:40.857 [http-nio-8088-exec-6] INFO  aircrew.version1.controller.WebLogAspect - WebLogAspect.doBefore()
2020-10-14 15:55:40.857 [http-nio-8088-exec-6] INFO  aircrew.version1.controller.WebLogAspect - URL : http://localhost:8088/aircrew/data/data.html
2020-10-14 15:55:40.857 [http-nio-8088-exec-6] INFO  aircrew.version1.controller.WebLogAspect - HTTP_METHOD : GET
2020-10-14 15:55:40.857 [http-nio-8088-exec-6] INFO  aircrew.version1.controller.WebLogAspect - IP : 0:0:0:0:0:0:0:1
2020-10-14 15:55:40.857 [http-nio-8088-exec-6] INFO  aircrew.version1.controller.WebLogAspect - CLASS_METHOD : aircrew.version1.controller.DataController.data
2020-10-14 15:55:40.857 [http-nio-8088-exec-6] INFO  aircrew.version1.controller.WebLogAspect - ARGS : [{}, org.apache.catalina.session.StandardSessionFacade@47b0afce]
2020-10-14 15:55:41.761 [http-nio-8088-exec-7] INFO  aircrew.version1.controller.WebLogAspect - WebLogAspect.doAfterReturning()
2020-10-14 15:55:42.394 [http-nio-8088-exec-6] INFO  aircrew.version1.controller.WebLogAspect - WebLogAspect.doAfterReturning()
